     
     0.000 prog/159242 syscalls:sys_enter_mmap(len: 64129, prot: READ, flags: PRIVATE, fd: 3)
     0.081 prog/159242 syscalls:sys_enter_mmap(len: 8192, prot: READ|WRITE, flags: PRIVATE|ANONYMOUS)
     0.097 prog/159242 syscalls:sys_enter_mmap(len: 1972224, prot: READ, flags: PRIVATE|DENYWRITE, fd: 3)
     0.115 prog/159242 syscalls:sys_enter_mmap(addr: 0x7fec21501000, len: 987136, prot: READ|EXEC, flags: PRIVATE|FIXED|DENYWRITE, fd: 3, off: 0x96000)
     0.130 prog/159242 syscalls:sys_enter_mmap(addr: 0x7fec215f2000, len: 299008, prot: READ, flags: PRIVATE|FIXED|DENYWRITE, fd: 3, off: 0x187000)
     0.140 prog/159242 syscalls:sys_enter_mmap(addr: 0x7fec2163c000, len: 57344, prot: READ|WRITE, flags: PRIVATE|FIXED|DENYWRITE, fd: 3, off: 0x1d0000)
     0.158 prog/159242 syscalls:sys_enter_mmap(addr: 0x7fec2164a000, len: 10240, prot: READ|WRITE, flags: PRIVATE|FIXED|ANONYMOUS)
     0.225 prog/159242 syscalls:sys_enter_mmap(len: 2036952, prot: READ, flags: PRIVATE|DENYWRITE, fd: 3)
     0.243 prog/159242 syscalls:sys_enter_mmap(addr: 0x7fec2129e000, len: 1540096, prot: READ|EXEC, flags: PRIVATE|FIXED|DENYWRITE, fd: 3, off: 0x25000)
     0.256 prog/159242 syscalls:sys_enter_mmap(addr: 0x7fec21416000, len: 303104, prot: READ, flags: PRIVATE|FIXED|DENYWRITE, fd: 3, off: 0x19d000)
     0.266 prog/159242 syscalls:sys_enter_mmap(addr: 0x7fec21461000, len: 24576, prot: READ|WRITE, flags: PRIVATE|FIXED|DENYWRITE, fd: 3, off: 0x1e7000)
     0.282 prog/159242 syscalls:sys_enter_mmap(addr: 0x7fec21467000, len: 13528, prot: READ|WRITE, flags: PRIVATE|FIXED|ANONYMOUS)
     0.331 prog/159242 syscalls:sys_enter_mmap(len: 1368336, prot: READ, flags: PRIVATE|DENYWRITE, fd: 3)
     0.340 prog/159242 syscalls:sys_enter_mmap(addr: 0x7fec21139000, len: 684032, prot: READ|EXEC, flags: PRIVATE|FIXED|DENYWRITE, fd: 3, off: 0xf000)
     0.353 prog/159242 syscalls:sys_enter_mmap(addr: 0x7fec211e0000, len: 618496, prot: READ, flags: PRIVATE|FIXED|DENYWRITE, fd: 3, off: 0xb6000)
     0.363 prog/159242 syscalls:sys_enter_mmap(addr: 0x7fec21277000, len: 8192, prot: READ|WRITE, flags: PRIVATE|FIXED|DENYWRITE, fd: 3, off: 0x14c000)
     0.418 prog/159242 syscalls:sys_enter_mmap(len: 107592, prot: READ, flags: PRIVATE|DENYWRITE, fd: 3)
     0.426 prog/159242 syscalls:sys_enter_mmap(addr: 0x7fec21112000, len: 73728, prot: READ|EXEC, flags: PRIVATE|FIXED|DENYWRITE, fd: 3, off: 0x3000)
     0.440 prog/159242 syscalls:sys_enter_mmap(addr: 0x7fec21124000, len: 16384, prot: READ, flags: PRIVATE|FIXED|DENYWRITE, fd: 3, off: 0x15000)
     0.449 prog/159242 syscalls:sys_enter_mmap(addr: 0x7fec21128000, len: 8192, prot: READ|WRITE, flags: PRIVATE|FIXED|DENYWRITE, fd: 3, off: 0x18000)
     0.501 prog/159242 syscalls:sys_enter_mmap(len: 8192, prot: READ|WRITE, flags: PRIVATE|ANONYMOUS)
     0.887 prog/159242 syscalls:sys_enter_mmap(len: 8192, prot: READ|WRITE, flags: PRIVATE|ANONYMOUS)
     

     1.990 sh/159242 syscalls:sys_enter_mmap(len: 163840, prot: READ|WRITE, flags: PRIVATE|ANONYMOUS)
     2.011 sh/159242 syscalls:sys_enter_mmap(len: 163840, prot: READ|WRITE, flags: PRIVATE|ANONYMOUS)
     2.024 sh/159242 syscalls:sys_enter_mmap(len: 163840, prot: READ|WRITE, flags: PRIVATE|ANONYMOUS)
     2.039 sh/159242 syscalls:sys_enter_mmap(len: 163840, prot: READ|WRITE, flags: PRIVATE|ANONYMOUS)
     2.051 sh/159242 syscalls:sys_enter_mmap(len: 163840, prot: READ|WRITE, flags: PRIVATE|ANONYMOUS)
     2.945 sudo/159243 syscalls:sys_enter_mmap(len: 64129, prot: READ, flags: PRIVATE, fd: 3)
     2.982 sudo/159243 syscalls:sys_enter_mmap(len: 8192, prot: READ|WRITE, flags: PRIVATE|ANONYMOUS)
     2.996 sudo/159243 syscalls:sys_enter_mmap(len: 176296, prot: READ, flags: PRIVATE|DENYWRITE, fd: 3)
     3.014 sudo/159243 syscalls:sys_enter_mmap(addr: 0x7f64fafee000, len: 32768, prot: READ|EXEC, flags: PRIVATE|FIXED|DENYWRITE, fd: 3, off: 0x3000)
     3.029 sudo/159243 syscalls:sys_enter_mmap(addr: 0x7f64faff6000, len: 81920, prot: READ, flags: PRIVATE|FIXED|DENYWRITE, fd: 3, off: 0xb000)
     3.039 sudo/159243 syscalls:sys_enter_mmap(addr: 0x7f64fb00b000, len: 8192, prot: READ|WRITE, flags: PRIVATE|FIXED|DENYWRITE, fd: 3, off: 0x1f000)
     3.056 sudo/159243 syscalls:sys_enter_mmap(addr: 0x7f64fb00d000, len: 37032, prot: READ|WRITE, flags: PRIVATE|FIXED|ANONYMOUS)
     3.100 sudo/159243 syscalls:sys_enter_mmap(len: 174600, prot: READ, flags: PRIVATE|DENYWRITE, fd: 3)
     3.117 sudo/159243 syscalls:sys_enter_mmap(addr: 0x7f64fafc6000, len: 102400, prot: READ|EXEC, flags: PRIVATE|FIXED|DENYWRITE, fd: 3, off: 0x6000)
     3.129 sudo/159243 syscalls:sys_enter_mmap(addr: 0x7f64fafdf000, len: 28672, prot: READ, flags: PRIVATE|FIXED|DENYWRITE, fd: 3, off: 0x1f000)
     3.138 sudo/159243 syscalls:sys_enter_mmap(addr: 0x7f64fafe7000, len: 8192, prot: READ|WRITE, flags: PRIVATE|FIXED|DENYWRITE, fd: 3, off: 0x26000)
     3.154 sudo/159243 syscalls:sys_enter_mmap(addr: 0x7f64fafe9000, len: 6664, prot: READ|WRITE, flags: PRIVATE|FIXED|ANONYMOUS)
     3.195 sudo/159243 syscalls:sys_enter_mmap(len: 16656, prot: READ, flags: PRIVATE|DENYWRITE, fd: 3)
     3.204 sudo/159243 syscalls:sys_enter_mmap(addr: 0x7f64fafbc000, len: 4096, prot: READ|EXEC, flags: PRIVATE|FIXED|DENYWRITE, fd: 3, off: 0x1000)
     3.218 sudo/159243 syscalls:sys_enter_mmap(addr: 0x7f64fafbd000, len: 4096, prot: READ, flags: PRIVATE|FIXED|DENYWRITE, fd: 3, off: 0x2000)
     3.227 sudo/159243 syscalls:sys_enter_mmap(addr: 0x7f64fafbe000, len: 8192, prot: READ|WRITE, flags: PRIVATE|FIXED|DENYWRITE, fd: 3, off: 0x2000)
     3.272 sudo/159243 syscalls:sys_enter_mmap(len: 108824, prot: READ, flags: PRIVATE|DENYWRITE, fd: 3)
     3.280 sudo/159243 syscalls:sys_enter_mmap(addr: 0x7f64fafa5000, len: 61440, prot: READ|EXEC, flags: PRIVATE|FIXED|DENYWRITE, fd: 3, off: 0x5000)
     3.292 sudo/159243 syscalls:sys_enter_mmap(addr: 0x7f64fafb4000, len: 20480, prot: READ, flags: PRIVATE|FIXED|DENYWRITE, fd: 3, off: 0x14000)
     3.301 sudo/159243 syscalls:sys_enter_mmap(addr: 0x7f64fafb9000, len: 8192, prot: READ|WRITE, flags: PRIVATE|FIXED|DENYWRITE, fd: 3, off: 0x18000)
     3.358 sudo/159243 syscalls:sys_enter_mmap(len: 2036952, prot: READ, flags: PRIVATE|DENYWRITE, fd: 3)
     3.375 sudo/159243 syscalls:sys_enter_mmap(addr: 0x7f64fadd3000, len: 1540096, prot: READ|EXEC, flags: PRIVATE|FIXED|DENYWRITE, fd: 3, off: 0x25000)
     3.387 sudo/159243 syscalls:sys_enter_mmap(addr: 0x7f64faf4b000, len: 303104, prot: READ, flags: PRIVATE|FIXED|DENYWRITE, fd: 3, off: 0x19d000)
     3.396 sudo/159243 syscalls:sys_enter_mmap(addr: 0x7f64faf96000, len: 24576, prot: READ|WRITE, flags: PRIVATE|FIXED|DENYWRITE, fd: 3, off: 0x1e7000)
     3.411 sudo/159243 syscalls:sys_enter_mmap(addr: 0x7f64faf9c000, len: 13528, prot: READ|WRITE, flags: PRIVATE|FIXED|ANONYMOUS)
     3.458 sudo/159243 syscalls:sys_enter_mmap(len: 28984, prot: READ, flags: PRIVATE|DENYWRITE, fd: 3)
     3.467 sudo/159243 syscalls:sys_enter_mmap(addr: 0x7f64fada8000, len: 12288, prot: READ|EXEC, flags: PRIVATE|FIXED|DENYWRITE, fd: 3, off: 0x2000)
     3.482 sudo/159243 syscalls:sys_enter_mmap(addr: 0x7f64fadab000, len: 4096, prot: READ, flags: PRIVATE|FIXED|DENYWRITE, fd: 3, off: 0x5000)
     3.491 sudo/159243 syscalls:sys_enter_mmap(addr: 0x7f64fadac000, len: 8192, prot: READ|WRITE, flags: PRIVATE|FIXED|DENYWRITE, fd: 3, off: 0x5000)
     3.536 sudo/159243 syscalls:sys_enter_mmap(len: 8192, prot: READ|WRITE, flags: PRIVATE|ANONYMOUS)
     3.549 sudo/159243 syscalls:sys_enter_mmap(len: 586536, prot: READ, flags: PRIVATE|DENYWRITE, fd: 3)
     3.557 sudo/159243 syscalls:sys_enter_mmap(addr: 0x7f64fad16000, len: 409600, prot: READ|EXEC, flags: PRIVATE|FIXED|DENYWRITE, fd: 3, off: 0x2000)
     3.571 sudo/159243 syscalls:sys_enter_mmap(addr: 0x7f64fad7a000, len: 163840, prot: READ, flags: PRIVATE|FIXED|DENYWRITE, fd: 3, off: 0x66000)
     3.581 sudo/159243 syscalls:sys_enter_mmap(addr: 0x7f64fada2000, len: 8192, prot: READ|WRITE, flags: PRIVATE|FIXED|DENYWRITE, fd: 3, off: 0x8d000)
     3.624 sudo/159243 syscalls:sys_enter_mmap(len: 20752, prot: READ, flags: PRIVATE|DENYWRITE, fd: 3)
     3.633 sudo/159243 syscalls:sys_enter_mmap(addr: 0x7f64fad0f000, len: 8192, prot: READ|EXEC, flags: PRIVATE|FIXED|DENYWRITE, fd: 3, off: 0x1000)
     3.647 sudo/159243 syscalls:sys_enter_mmap(addr: 0x7f64fad11000, len: 4096, prot: READ, flags: PRIVATE|FIXED|DENYWRITE, fd: 3, off: 0x3000)
     3.657 sudo/159243 syscalls:sys_enter_mmap(addr: 0x7f64fad12000, len: 8192, prot: READ|WRITE, flags: PRIVATE|FIXED|DENYWRITE, fd: 3, off: 0x3000)
     3.707 sudo/159243 syscalls:sys_enter_mmap(len: 140408, prot: READ, flags: PRIVATE|DENYWRITE, fd: 3)
     3.715 sudo/159243 syscalls:sys_enter_mmap(addr: 0x7f64facf2000, len: 69632, prot: READ|EXEC, flags: PRIVATE|FIXED|DENYWRITE, fd: 3, off: 0x7000)
     3.729 sudo/159243 syscalls:sys_enter_mmap(addr: 0x7f64fad03000, len: 20480, prot: READ, flags: PRIVATE|FIXED|DENYWRITE, fd: 3, off: 0x18000)
     3.738 sudo/159243 syscalls:sys_enter_mmap(addr: 0x7f64fad08000, len: 8192, prot: READ|WRITE, flags: PRIVATE|FIXED|DENYWRITE, fd: 3, off: 0x1c000)
     3.755 sudo/159243 syscalls:sys_enter_mmap(addr: 0x7f64fad0a000, len: 13432, prot: READ|WRITE, flags: PRIVATE|FIXED|ANONYMOUS)
     3.817 sudo/159243 syscalls:sys_enter_mmap(len: 8192, prot: READ|WRITE, flags: PRIVATE|ANONYMOUS)
     4.615 sudo/159243 syscalls:sys_enter_mmap(len: 3035952, prot: READ, flags: PRIVATE, fd: 3)
     4.715 sudo/159243 syscalls:sys_enter_mmap(len: 252, prot: READ, flags: PRIVATE, fd: 3)
     4.740 sudo/159243 syscalls:sys_enter_mmap(len: 27002, prot: READ, flags: SHARED, fd: 3)
     4.770 sudo/159243 syscalls:sys_enter_mmap(len: 23, prot: READ, flags: PRIVATE, fd: 3)
     4.795 sudo/159243 syscalls:sys_enter_mmap(len: 47, prot: READ, flags: PRIVATE, fd: 3)
     4.817 sudo/159243 syscalls:sys_enter_mmap(len: 131, prot: READ, flags: PRIVATE, fd: 3)
     4.839 sudo/159243 syscalls:sys_enter_mmap(len: 62, prot: READ, flags: PRIVATE, fd: 3)
     4.862 sudo/159243 syscalls:sys_enter_mmap(len: 34, prot: READ, flags: PRIVATE, fd: 3)
     4.902 sudo/159243 syscalls:sys_enter_mmap(len: 48, prot: READ, flags: PRIVATE, fd: 3)
     4.926 sudo/159243 syscalls:sys_enter_mmap(len: 270, prot: READ, flags: PRIVATE, fd: 3)
     4.953 sudo/159243 syscalls:sys_enter_mmap(len: 1518110, prot: READ, flags: PRIVATE, fd: 3)
     4.989 sudo/159243 syscalls:sys_enter_mmap(len: 3360, prot: READ, flags: PRIVATE, fd: 3)
     5.014 sudo/159243 syscalls:sys_enter_mmap(len: 50, prot: READ, flags: PRIVATE, fd: 3)
     5.041 sudo/159243 syscalls:sys_enter_mmap(len: 201272, prot: READ, flags: PRIVATE, fd: 3)
     5.374 sudo/159243 syscalls:sys_enter_mmap(len: 217032, prot: READ, flags: SHARED, fd: 4)
     5.891 sudo/159243 syscalls:sys_enter_mmap(len: 397544, prot: READ, flags: PRIVATE|DENYWRITE, fd: 3)
     5.915 sudo/159243 syscalls:sys_enter_mmap(addr: 0x7f64fa7ce000, len: 237568, prot: READ|EXEC, flags: PRIVATE|FIXED|DENYWRITE, fd: 3, off: 0x7000)
     5.931 sudo/159243 syscalls:sys_enter_mmap(addr: 0x7f64fa808000, len: 110592, prot: READ, flags: PRIVATE|FIXED|DENYWRITE, fd: 3, off: 0x41000)
     5.941 sudo/159243 syscalls:sys_enter_mmap(addr: 0x7f64fa824000, len: 16384, prot: READ|WRITE, flags: PRIVATE|FIXED|DENYWRITE, fd: 3, off: 0x5c000)
     5.960 sudo/159243 syscalls:sys_enter_mmap(addr: 0x7f64fa828000, len: 232, prot: READ|WRITE, flags: PRIVATE|FIXED|ANONYMOUS)
     6.009 sudo/159243 syscalls:sys_enter_mmap(len: 64129, prot: READ, flags: PRIVATE, fd: 3)
     6.042 sudo/159243 syscalls:sys_enter_mmap(len: 70160, prot: READ, flags: PRIVATE|DENYWRITE, fd: 3)
     6.052 sudo/159243 syscalls:sys_enter_mmap(addr: 0x7f64fa7a8000, len: 36864, prot: READ|EXEC, flags: PRIVATE|FIXED|DENYWRITE, fd: 3, off: 0x3000)
     6.068 sudo/159243 syscalls:sys_enter_mmap(addr: 0x7f64fa7b1000, len: 16384, prot: READ, flags: PRIVATE|FIXED|DENYWRITE, fd: 3, off: 0xc000)
     6.078 sudo/159243 syscalls:sys_enter_mmap(addr: 0x7f64fa7b5000, len: 8192, prot: READ|WRITE, flags: PRIVATE|FIXED|DENYWRITE, fd: 3, off: 0xf000)
     6.895 sudo/159243 syscalls:sys_enter_mmap(len: 217032, prot: READ, flags: SHARED, fd: 5)
     7.012 sudo/159243 syscalls:sys_enter_mmap(len: 266240, prot: READ|WRITE, flags: PRIVATE|ANONYMOUS)
     7.031 sudo/159243 syscalls:sys_enter_mmap(len: 266240, prot: READ|WRITE, flags: PRIVATE|ANONYMOUS)
     7.115 sudo/159243 syscalls:sys_enter_mmap(len: 217032, prot: READ, flags: SHARED, fd: 5)
     7.420 sudo/159243 syscalls:sys_enter_mmap(len: 20712, prot: READ, flags: PRIVATE|DENYWRITE, fd: 5)
     7.434 sudo/159243 syscalls:sys_enter_mmap(addr: 0x7f64fa7c2000, len: 8192, prot: READ|EXEC, flags: PRIVATE|FIXED|DENYWRITE, fd: 5, off: 0x1000)
     7.452 sudo/159243 syscalls:sys_enter_mmap(addr: 0x7f64fa7c4000, len: 4096, prot: READ, flags: PRIVATE|FIXED|DENYWRITE, fd: 5, off: 0x3000)
     7.463 sudo/159243 syscalls:sys_enter_mmap(addr: 0x7f64fa7c5000, len: 8192, prot: READ|WRITE, flags: PRIVATE|FIXED|DENYWRITE, fd: 5, off: 0x3000)
     7.610 sudo/159243 syscalls:sys_enter_mmap(len: 115680, prot: READ, flags: PRIVATE|DENYWRITE, fd: 6)
     7.622 sudo/159243 syscalls:sys_enter_mmap(addr: 0x7f64fa756000, len: 36864, prot: READ|EXEC, flags: PRIVATE|FIXED|DENYWRITE, fd: 6, off: 0x3000)
     7.638 sudo/159243 syscalls:sys_enter_mmap(addr: 0x7f64fa75f000, len: 12288, prot: READ, flags: PRIVATE|FIXED|DENYWRITE, fd: 6, off: 0xc000)
     7.647 sudo/159243 syscalls:sys_enter_mmap(addr: 0x7f64fa762000, len: 8192, prot: READ|WRITE, flags: PRIVATE|FIXED|DENYWRITE, fd: 6, off: 0xe000)
     7.666 sudo/159243 syscalls:sys_enter_mmap(addr: 0x7f64fa764000, len: 46048, prot: READ|WRITE, flags: PRIVATE|FIXED|ANONYMOUS)
     7.701 sudo/159243 syscalls:sys_enter_mmap(len: 64129, prot: READ, flags: PRIVATE, fd: 6)
     7.732 sudo/159243 syscalls:sys_enter_mmap(len: 238280, prot: READ, flags: PRIVATE|DENYWRITE, fd: 6)
     7.740 sudo/159243 syscalls:sys_enter_mmap(addr: 0x7f64fa70a000, len: 86016, prot: READ|EXEC, flags: PRIVATE|FIXED|DENYWRITE, fd: 6, off: 0x2000)
     7.754 sudo/159243 syscalls:sys_enter_mmap(addr: 0x7f64fa71f000, len: 106496, prot: READ, flags: PRIVATE|FIXED|DENYWRITE, fd: 6, off: 0x17000)
     7.763 sudo/159243 syscalls:sys_enter_mmap(addr: 0x7f64fa739000, len: 8192, prot: READ|WRITE, flags: PRIVATE|FIXED|DENYWRITE, fd: 6, off: 0x30000)
     7.780 sudo/159243 syscalls:sys_enter_mmap(addr: 0x7f64fa73b000, len: 29384, prot: READ|WRITE, flags: PRIVATE|FIXED|ANONYMOUS)
     7.820 sudo/159243 syscalls:sys_enter_mmap(len: 117336, prot: READ, flags: PRIVATE|DENYWRITE, fd: 6)
     7.828 sudo/159243 syscalls:sys_enter_mmap(addr: 0x7f64fa6a1000, len: 65536, prot: READ|EXEC, flags: PRIVATE|FIXED|DENYWRITE, fd: 6, off: 0x5000)
     7.840 sudo/159243 syscalls:sys_enter_mmap(addr: 0x7f64fa6b1000, len: 16384, prot: READ, flags: PRIVATE|FIXED|DENYWRITE, fd: 6, off: 0x15000)
     7.850 sudo/159243 syscalls:sys_enter_mmap(addr: 0x7f64fa6b5000, len: 8192, prot: READ|WRITE, flags: PRIVATE|FIXED|DENYWRITE, fd: 6, off: 0x18000)
     7.867 sudo/159243 syscalls:sys_enter_mmap(addr: 0x7f64fa6b7000, len: 6744, prot: READ|WRITE, flags: PRIVATE|FIXED|ANONYMOUS)
     8.174 sudo/159243 syscalls:sys_enter_mmap(len: 16424, prot: READ, flags: PRIVATE|DENYWRITE, fd: 6)
     8.185 sudo/159243 syscalls:sys_enter_mmap(addr: 0x7f64fa7bd000, len: 4096, prot: READ|EXEC, flags: PRIVATE|FIXED|DENYWRITE, fd: 6, off: 0x1000)
     8.199 sudo/159243 syscalls:sys_enter_mmap(addr: 0x7f64fa7be000, len: 4096, prot: READ, flags: PRIVATE|FIXED|DENYWRITE, fd: 6, off: 0x2000)
     8.208 sudo/159243 syscalls:sys_enter_mmap(addr: 0x7f64fa7bf000, len: 8192, prot: READ|WRITE, flags: PRIVATE|FIXED|DENYWRITE, fd: 6, off: 0x2000)
     8.278 sudo/159243 syscalls:sys_enter_mmap(len: 16448, prot: READ, flags: PRIVATE|DENYWRITE, fd: 6)
     8.287 sudo/159243 syscalls:sys_enter_mmap(addr: 0x7f64fa7b8000, len: 4096, prot: READ|EXEC, flags: PRIVATE|FIXED|DENYWRITE, fd: 6, off: 0x1000)
     8.302 sudo/159243 syscalls:sys_enter_mmap(addr: 0x7f64fa7b9000, len: 4096, prot: READ, flags: PRIVATE|FIXED|DENYWRITE, fd: 6, off: 0x2000)
     8.311 sudo/159243 syscalls:sys_enter_mmap(addr: 0x7f64fa7ba000, len: 8192, prot: READ|WRITE, flags: PRIVATE|FIXED|DENYWRITE, fd: 6, off: 0x2000)
     8.402 sudo/159243 syscalls:sys_enter_mmap(len: 20496, prot: READ, flags: PRIVATE|DENYWRITE, fd: 6)
     8.412 sudo/159243 syscalls:sys_enter_mmap(addr: 0x7f64fa74e000, len: 8192, prot: READ|EXEC, flags: PRIVATE|FIXED|DENYWRITE, fd: 6, off: 0x1000)
     8.428 sudo/159243 syscalls:sys_enter_mmap(addr: 0x7f64fa750000, len: 4096, prot: READ, flags: PRIVATE|FIXED|DENYWRITE, fd: 6, off: 0x3000)
     8.438 sudo/159243 syscalls:sys_enter_mmap(addr: 0x7f64fa751000, len: 8192, prot: READ|WRITE, flags: PRIVATE|FIXED|DENYWRITE, fd: 6, off: 0x3000)
     8.477 sudo/159243 syscalls:sys_enter_mmap(len: 64129, prot: READ, flags: PRIVATE, fd: 6)
     8.507 sudo/159243 syscalls:sys_enter_mmap(len: 33112, prot: READ, flags: PRIVATE|DENYWRITE, fd: 6)
     8.535 sudo/159243 syscalls:sys_enter_mmap(addr: 0x7f64fa746000, len: 12288, prot: READ|EXEC, flags: PRIVATE|FIXED|DENYWRITE, fd: 6, off: 0x2000)
     8.543 sudo/159243 syscalls:sys_enter_mmap(addr: 0x7f64fa749000, len: 4096, prot: READ, flags: PRIVATE|FIXED|DENYWRITE, fd: 6, off: 0x5000)
     8.548 sudo/159243 syscalls:sys_enter_mmap(addr: 0x7f64fa74b000, len: 8192, prot: READ|WRITE, flags: PRIVATE|FIXED|DENYWRITE, fd: 6, off: 0x6000)
     8.681 sudo/159243 syscalls:sys_enter_mmap(len: 16624, prot: READ, flags: PRIVATE|DENYWRITE, fd: 6)
     8.689 sudo/159243 syscalls:sys_enter_mmap(addr: 0x7f64fa704000, len: 4096, prot: READ|EXEC, flags: PRIVATE|FIXED|DENYWRITE, fd: 6, off: 0x1000)
     8.698 sudo/159243 syscalls:sys_enter_mmap(addr: 0x7f64fa705000, len: 4096, prot: READ, flags: PRIVATE|FIXED|DENYWRITE, fd: 6, off: 0x2000)
     8.703 sudo/159243 syscalls:sys_enter_mmap(addr: 0x7f64fa706000, len: 8192, prot: READ|WRITE, flags: PRIVATE|FIXED|DENYWRITE, fd: 6, off: 0x2000)
     8.853 sudo/159243 syscalls:sys_enter_mmap(len: 479904, prot: READ, flags: PRIVATE|DENYWRITE, fd: 6)
     8.861 sudo/159243 syscalls:sys_enter_mmap(addr: 0x7f64fa630000, len: 311296, prot: READ|EXEC, flags: PRIVATE|FIXED|DENYWRITE, fd: 6, off: 0xa000)
     8.870 sudo/159243 syscalls:sys_enter_mmap(addr: 0x7f64fa67c000, len: 102400, prot: READ, flags: PRIVATE|FIXED|DENYWRITE, fd: 6, off: 0x56000)
     8.875 sudo/159243 syscalls:sys_enter_mmap(addr: 0x7f64fa695000, len: 24576, prot: READ|WRITE, flags: PRIVATE|FIXED|DENYWRITE, fd: 6, off: 0x6e000)
     8.885 sudo/159243 syscalls:sys_enter_mmap(addr: 0x7f64fa69b000, len: 672, prot: READ|WRITE, flags: PRIVATE|FIXED|ANONYMOUS)
     8.907 sudo/159243 syscalls:sys_enter_mmap(len: 64129, prot: READ, flags: PRIVATE, fd: 6)
     8.927 sudo/159243 syscalls:sys_enter_mmap(len: 16688, prot: READ, flags: PRIVATE|DENYWRITE, fd: 6)
     8.931 sudo/159243 syscalls:sys_enter_mmap(addr: 0x7f64fa6ef000, len: 4096, prot: READ|EXEC, flags: PRIVATE|FIXED|DENYWRITE, fd: 6, off: 0x1000)
     8.939 sudo/159243 syscalls:sys_enter_mmap(addr: 0x7f64fa6f0000, len: 4096, prot: READ, flags: PRIVATE|FIXED|DENYWRITE, fd: 6, off: 0x2000)
     8.944 sudo/159243 syscalls:sys_enter_mmap(addr: 0x7f64fa6f1000, len: 8192, prot: READ|WRITE, flags: PRIVATE|FIXED|DENYWRITE, fd: 6, off: 0x2000)
     9.153 sudo/159243 syscalls:sys_enter_mmap(len: 64129, prot: READ, flags: PRIVATE, fd: 4)
     9.174 sudo/159243 syscalls:sys_enter_mmap(len: 79672, prot: READ, flags: PRIVATE|DENYWRITE, fd: 4)
     9.179 sudo/159243 syscalls:sys_enter_mmap(addr: 0x7f64fa615000, len: 28672, prot: READ|EXEC, flags: PRIVATE|FIXED|DENYWRITE, fd: 4, off: 0x3000)
     9.189 sudo/159243 syscalls:sys_enter_mmap(addr: 0x7f64fa61c000, len: 8192, prot: READ, flags: PRIVATE|FIXED|DENYWRITE, fd: 4, off: 0xa000)
     9.194 sudo/159243 syscalls:sys_enter_mmap(addr: 0x7f64fa61e000, len: 8192, prot: READ|WRITE, flags: PRIVATE|FIXED|DENYWRITE, fd: 4, off: 0xb000)
     9.205 sudo/159243 syscalls:sys_enter_mmap(addr: 0x7f64fa620000, len: 22328, prot: READ|WRITE, flags: PRIVATE|FIXED|ANONYMOUS)
    11.001 killall/159244 syscalls:sys_enter_mmap(len: 64129, prot: READ, flags: PRIVATE, fd: 3)
    11.038 killall/159244 syscalls:sys_enter_mmap(len: 8192, prot: READ|WRITE, flags: PRIVATE|ANONYMOUS)
    11.051 killall/159244 syscalls:sys_enter_mmap(len: 174600, prot: READ, flags: PRIVATE|DENYWRITE, fd: 3)
    11.069 killall/159244 syscalls:sys_enter_mmap(addr: 0x7ff3ced34000, len: 102400, prot: READ|EXEC, flags: PRIVATE|FIXED|DENYWRITE, fd: 3, off: 0x6000)
    11.084 killall/159244 syscalls:sys_enter_mmap(addr: 0x7ff3ced4d000, len: 28672, prot: READ, flags: PRIVATE|FIXED|DENYWRITE, fd: 3, off: 0x1f000)
    11.094 killall/159244 syscalls:sys_enter_mmap(addr: 0x7ff3ced55000, len: 8192, prot: READ|WRITE, flags: PRIVATE|FIXED|DENYWRITE, fd: 3, off: 0x26000)
    11.109 killall/159244 syscalls:sys_enter_mmap(addr: 0x7ff3ced57000, len: 6664, prot: READ|WRITE, flags: PRIVATE|FIXED|ANONYMOUS)
    11.157 killall/159244 syscalls:sys_enter_mmap(len: 2036952, prot: READ, flags: PRIVATE|DENYWRITE, fd: 3)
    11.175 killall/159244 syscalls:sys_enter_mmap(addr: 0x7ff3ceb61000, len: 1540096, prot: READ|EXEC, flags: PRIVATE|FIXED|DENYWRITE, fd: 3, off: 0x25000)
    11.186 killall/159244 syscalls:sys_enter_mmap(addr: 0x7ff3cecd9000, len: 303104, prot: READ, flags: PRIVATE|FIXED|DENYWRITE, fd: 3, off: 0x19d000)
    11.196 killall/159244 syscalls:sys_enter_mmap(addr: 0x7ff3ced24000, len: 24576, prot: READ|WRITE, flags: PRIVATE|FIXED|DENYWRITE, fd: 3, off: 0x1e7000)
    11.211 killall/159244 syscalls:sys_enter_mmap(addr: 0x7ff3ced2a000, len: 13528, prot: READ|WRITE, flags: PRIVATE|FIXED|ANONYMOUS)
    11.256 killall/159244 syscalls:sys_enter_mmap(len: 586536, prot: READ, flags: PRIVATE|DENYWRITE, fd: 3)
    11.265 killall/159244 syscalls:sys_enter_mmap(addr: 0x7ff3ceaae000, len: 409600, prot: READ|EXEC, flags: PRIVATE|FIXED|DENYWRITE, fd: 3, off: 0x2000)
    11.278 killall/159244 syscalls:sys_enter_mmap(addr: 0x7ff3ceb12000, len: 163840, prot: READ, flags: PRIVATE|FIXED|DENYWRITE, fd: 3, off: 0x66000)
    11.286 killall/159244 syscalls:sys_enter_mmap(addr: 0x7ff3ceb3a000, len: 8192, prot: READ|WRITE, flags: PRIVATE|FIXED|DENYWRITE, fd: 3, off: 0x8d000)
    11.329 killall/159244 syscalls:sys_enter_mmap(len: 20752, prot: READ, flags: PRIVATE|DENYWRITE, fd: 3)
    11.337 killall/159244 syscalls:sys_enter_mmap(addr: 0x7ff3ceaa7000, len: 8192, prot: READ|EXEC, flags: PRIVATE|FIXED|DENYWRITE, fd: 3, off: 0x1000)
    11.351 killall/159244 syscalls:sys_enter_mmap(addr: 0x7ff3ceaa9000, len: 4096, prot: READ, flags: PRIVATE|FIXED|DENYWRITE, fd: 3, off: 0x3000)
    11.360 killall/159244 syscalls:sys_enter_mmap(addr: 0x7ff3ceaaa000, len: 8192, prot: READ|WRITE, flags: PRIVATE|FIXED|DENYWRITE, fd: 3, off: 0x3000)
    11.405 killall/159244 syscalls:sys_enter_mmap(len: 140408, prot: READ, flags: PRIVATE|DENYWRITE, fd: 3)
    11.413 killall/159244 syscalls:sys_enter_mmap(addr: 0x7ff3cea8a000, len: 69632, prot: READ|EXEC, flags: PRIVATE|FIXED|DENYWRITE, fd: 3, off: 0x7000)
    11.425 killall/159244 syscalls:sys_enter_mmap(addr: 0x7ff3cea9b000, len: 20480, prot: READ, flags: PRIVATE|FIXED|DENYWRITE, fd: 3, off: 0x18000)
    11.434 killall/159244 syscalls:sys_enter_mmap(addr: 0x7ff3ceaa0000, len: 8192, prot: READ|WRITE, flags: PRIVATE|FIXED|DENYWRITE, fd: 3, off: 0x1c000)
    11.449 killall/159244 syscalls:sys_enter_mmap(addr: 0x7ff3ceaa2000, len: 13432, prot: READ|WRITE, flags: PRIVATE|FIXED|ANONYMOUS)
    11.481 killall/159244 syscalls:sys_enter_mmap(len: 8192, prot: READ|WRITE, flags: PRIVATE|ANONYMOUS)
    11.979 killall/159244 syscalls:sys_enter_mmap(len: 3035952, prot: READ, flags: PRIVATE, fd: 3)
    12.111 killall/159244 syscalls:sys_enter_mmap(len: 252, prot: READ, flags: PRIVATE, fd: 3)
    12.137 killall/159244 syscalls:sys_enter_mmap(len: 27002, prot: READ, flags: SHARED, fd: 3)
    12.166 killall/159244 syscalls:sys_enter_mmap(len: 23, prot: READ, flags: PRIVATE, fd: 3)
    12.190 killall/159244 syscalls:sys_enter_mmap(len: 47, prot: READ, flags: PRIVATE, fd: 3)
    12.212 killall/159244 syscalls:sys_enter_mmap(len: 131, prot: READ, flags: PRIVATE, fd: 3)
    12.234 killall/159244 syscalls:sys_enter_mmap(len: 62, prot: READ, flags: PRIVATE, fd: 3)
    12.257 killall/159244 syscalls:sys_enter_mmap(len: 34, prot: READ, flags: PRIVATE, fd: 3)
    12.296 killall/159244 syscalls:sys_enter_mmap(len: 48, prot: READ, flags: PRIVATE, fd: 3)
    12.319 killall/159244 syscalls:sys_enter_mmap(len: 270, prot: READ, flags: PRIVATE, fd: 3)
    12.346 killall/159244 syscalls:sys_enter_mmap(len: 1518110, prot: READ, flags: PRIVATE, fd: 3)
    12.380 killall/159244 syscalls:sys_enter_mmap(len: 3360, prot: READ, flags: PRIVATE, fd: 3)
    12.403 killall/159244 syscalls:sys_enter_mmap(len: 50, prot: READ, flags: PRIVATE, fd: 3)
    12.428 killall/159244 syscalls:sys_enter_mmap(len: 201272, prot: READ, flags: PRIVATE, fd: 3)
perf: no process found
